#
# There is insufficient memory for the Java Runtime Environment to continue.
# Native memory allocation (malloc) failed to allocate 1247856 bytes. Error detail: Chunk::new
# Possible reasons:
#   The system is out of physical RAM or swap space
#   This process is running with CompressedOops enabled, and the Java Heap may be blocking the growth of the native heap
# Possible solutions:
#   Reduce memory load on the system
#   Increase physical memory or swap space
#   Check if swap backing store is full
#   Decrease Java heap size (-Xmx/-Xms)
#   Decrease number of Java threads
#   Decrease Java thread stack sizes (-Xss)
#   Set larger code cache with -XX:ReservedCodeCacheSize=
#   JVM is running with Unscaled Compressed Oops mode in which the Java heap is
#     placed in the first 4GB address space. The Java Heap base address is the
#     maximum limit for the native heap growth. Please use -XX:HeapBaseMinAddress
#     to set the Java Heap base and to place the Java Heap above 4GB virtual address.
# This output file may be truncated or incomplete.
#
#  Out of Memory Error (arena.cpp:168), pid=22968, tid=34596
#
# JRE version: OpenJDK Runtime Environment Temurin-21.0.10+7 (21.0.10+7) (build 21.0.10+7-LTS)
# Java VM: OpenJDK 64-Bit Server VM Temurin-21.0.10+7 (21.0.10+7-LTS, mixed mode, sharing, tiered, compressed oops, compressed class ptrs, parallel gc, windows-amd64)
# No core dump will be written. Minidumps are not enabled by default on client versions of Windows
#

---------------  S U M M A R Y ------------

Command Line: --add-modules=ALL-SYSTEM --add-opens=java.base/java.util=ALL-UNNAMED --add-opens=java.base/java.lang=ALL-UNNAMED --add-opens=java.base/sun.nio.fs=ALL-UNNAMED -Declipse.application=org.eclipse.jdt.ls.core.id1 -Dosgi.bundles.defaultStartLevel=4 -Declipse.product=org.eclipse.jdt.ls.core.product -Djava.import.generatesMetadataFilesAtProjectRoot=false -DDetectVMInstallationsJob.disabled=true -Dfile.encoding=utf8 -XX:+UseParallelGC -XX:GCTimeRatio=4 -XX:AdaptiveSizePolicyWeight=90 -Dsun.zip.disableMemoryMapping=true -Xmx2G -Xms100m -Xlog:disable -javaagent:c:\Users\suant\.vscode\extensions\redhat.java-1.53.0-win32-x64\lombok\lombok-1.18.39-4050.jar -XX:+HeapDumpOnOutOfMemoryError -XX:HeapDumpPath=c:\Users\suant\AppData\Roaming\Code\User\workspaceStorage\504bf879ca6961ec538ff21517e75e65\redhat.java -Daether.dependencyCollector.impl=bf c:\Users\suant\.vscode\extensions\redhat.java-1.53.0-win32-x64\server\plugins\org.eclipse.equinox.launcher_1.7.100.v20251111-0406.jar -configuration c:\Users\suant\AppData\Roaming\Code\User\globalStorage\redhat.java\1.53.0\config_win -data c:\Users\suant\AppData\Roaming\Code\User\workspaceStorage\504bf879ca6961ec538ff21517e75e65\redhat.java\jdt_ws --pipe=\\.\pipe\lsp-e18e13bc0b276fb76ce8ecb38d7be7dd-sock

Host: AMD Ryzen 5 5600H with Radeon Graphics         , 12 cores, 5G,  Windows 11 , 64 bit Build 26100 (10.0.26100.7705)
Time: Sun Mar  8 15:31:44 2026 Central European Standard Time elapsed time: 70.979675 seconds (0d 0h 1m 10s)

---------------  T H R E A D  ---------------

Current thread (0x00000240848065d0):  JavaThread "C2 CompilerThread1" daemon [_thread_in_native, id=34596, stack(0x000000cd0cd00000,0x000000cd0ce00000) (1024K)]


Current CompileTask:
C2:70979 4829       4       org.lombokweb.asm.ClassReader::readMethod (1070 bytes)

Stack: [0x000000cd0cd00000,0x000000cd0ce00000]
Native frames: (J=compiled Java code, j=interpreted, Vv=VM code, C=native code)
V  [jvm.dll+0x6d7a39]
V  [jvm.dll+0x8b4b26]
V  [jvm.dll+0x8b70de]
V  [jvm.dll+0x8b77c3]
V  [jvm.dll+0x284346]
V  [jvm.dll+0xc66ed]
V  [jvm.dll+0xc6c31]
V  [jvm.dll+0x3bec3b]
V  [jvm.dll+0x38b162]
V  [jvm.dll+0x38a5aa]
V  [jvm.dll+0x24c560]
V  [jvm.dll+0x24bb40]
V  [jvm.dll+0x1cb34e]
V  [jvm.dll+0x25b85d]
V  [jvm.dll+0x259dea]
V  [jvm.dll+0x3f857e]
V  [jvm.dll+0x85f59d]
V  [jvm.dll+0x6d626d]
C  [ucrtbase.dll+0x37b0]
C  [KERNEL32.DLL+0x2e8d7]
C  [ntdll.dll+0x8c40c]


---------------  P R O C E S S  ---------------

Threads class SMR info:
_java_thread_list=0x00000240ff392280, length=24, elements={
0x00000240a4f42590, 0x00000240bb9ee750, 0x00000240a4fe1280, 0x00000240a4fe7910,
0x00000240a4fea190, 0x00000240a4fec910, 0x00000240a4fecf80, 0x00000240a4ffe620,
0x00000240fde148d0, 0x00000240fdfbebb0, 0x00000240fe14ab60, 0x00000240ff1f6c60,
0x00000240fe068ee0, 0x00000240fe06a920, 0x00000240fe068850, 0x00000240fe069570,
0x00000240fe069c00, 0x00000240fe06a290, 0x00000240fe06afb0, 0x00000240fe06b640,
0x00000240fe06bcd0, 0x00000240844797d0, 0x00000240848065d0, 0x000002408447a4f0
}

Java Threads: ( => current thread )
  0x00000240a4f42590 JavaThread "main"                              [_thread_blocked, id=6668, stack(0x000000cd0af00000,0x000000cd0b000000) (1024K)]
  0x00000240bb9ee750 JavaThread "Reference Handler"          daemon [_thread_blocked, id=25764, stack(0x000000cd0b300000,0x000000cd0b400000) (1024K)]
  0x00000240a4fe1280 JavaThread "Finalizer"                  daemon [_thread_blocked, id=33332, stack(0x000000cd0b400000,0x000000cd0b500000) (1024K)]
  0x00000240a4fe7910 JavaThread "Signal Dispatcher"          daemon [_thread_blocked, id=31344, stack(0x000000cd0b500000,0x000000cd0b600000) (1024K)]
  0x00000240a4fea190 JavaThread "Attach Listener"            daemon [_thread_blocked, id=22872, stack(0x000000cd0b600000,0x000000cd0b700000) (1024K)]
  0x00000240a4fec910 JavaThread "Service Thread"             daemon [_thread_blocked, id=34496, stack(0x000000cd0b700000,0x000000cd0b800000) (1024K)]
  0x00000240a4fecf80 JavaThread "Monitor Deflation Thread"   daemon [_thread_blocked, id=30988, stack(0x000000cd0b800000,0x000000cd0b900000) (1024K)]
  0x00000240a4ffe620 JavaThread "C2 CompilerThread0"         daemon [_thread_in_native, id=21812, stack(0x000000cd0b900000,0x000000cd0ba00000) (1024K)]
  0x00000240fde148d0 JavaThread "C1 CompilerThread0"         daemon [_thread_blocked, id=33068, stack(0x000000cd0ba00000,0x000000cd0bb00000) (1024K)]
  0x00000240fdfbebb0 JavaThread "Common-Cleaner"             daemon [_thread_blocked, id=31420, stack(0x000000cd0bb00000,0x000000cd0bc00000) (1024K)]
  0x00000240fe14ab60 JavaThread "Notification Thread"        daemon [_thread_blocked, id=25868, stack(0x000000cd0bc00000,0x000000cd0bd00000) (1024K)]
  0x00000240ff1f6c60 JavaThread "Active Thread: Equinox Container: 61b9ad7d-6b89-4684-a152-a6f925d288d2"        [_thread_blocked, id=33240, stack(0x000000cd0c900000,0x000000cd0ca00000) (1024K)]
  0x00000240fe068ee0 JavaThread "Framework Event Dispatcher: Equinox Container: 61b9ad7d-6b89-4684-a152-a6f925d288d2" daemon [_thread_blocked, id=17728, stack(0x000000cd0c300000,0x000000cd0c400000) (1024K)]
  0x00000240fe06a920 JavaThread "Start Level: Equinox Container: 61b9ad7d-6b89-4684-a152-a6f925d288d2" daemon [_thread_in_native, id=14680, stack(0x000000cd0c400000,0x000000cd0c500000) (1024K)]
  0x00000240fe068850 JavaThread "Bundle File Closer"         daemon [_thread_blocked, id=21876, stack(0x000000cd0c600000,0x000000cd0c700000) (1024K)]
  0x00000240fe069570 JavaThread "Refresh Thread: Equinox Container: 61b9ad7d-6b89-4684-a152-a6f925d288d2" daemon [_thread_blocked, id=31336, stack(0x000000cd0c700000,0x000000cd0c800000) (1024K)]
  0x00000240fe069c00 JavaThread "SCR Component Actor"        daemon [_thread_blocked, id=31988, stack(0x000000cd0ac00000,0x000000cd0ad00000) (1024K)]
  0x00000240fe06a290 JavaThread "Worker-JM"                         [_thread_blocked, id=27980, stack(0x000000cd0c800000,0x000000cd0c900000) (1024K)]
  0x00000240fe06afb0 JavaThread "JNA Cleaner"                daemon [_thread_blocked, id=7984, stack(0x000000cd0ad00000,0x000000cd0ae00000) (1024K)]
  0x00000240fe06b640 JavaThread "Worker-0: Repository registry initialization"        [_thread_blocked, id=12220, stack(0x000000cd0ca00000,0x000000cd0cb00000) (1024K)]
  0x00000240fe06bcd0 JavaThread "Worker-1: Updating Maven Dependencies"        [_thread_in_native, id=4380, stack(0x000000cd0cb00000,0x000000cd0cc00000) (1024K)]
  0x00000240844797d0 JavaThread "Worker-2: Building"                [_thread_blocked, id=17536, stack(0x000000cd0cc00000,0x000000cd0cd00000) (1024K)]
=>0x00000240848065d0 JavaThread "C2 CompilerThread1"         daemon [_thread_in_native, id=34596, stack(0x000000cd0cd00000,0x000000cd0ce00000) (1024K)]
  0x000002408447a4f0 JavaThread "Worker-3"                          [_thread_blocked, id=30896, stack(0x000000cd0ce00000,0x000000cd0cf00000) (1024K)]
Total: 24

Other Threads:
  0x00000240bb9d4520 VMThread "VM Thread"                           [id=10084, stack(0x000000cd0b200000,0x000000cd0b300000) (1024K)]
  0x00000240bb8cba00 WatcherThread "VM Periodic Task Thread"        [id=31848, stack(0x000000cd0b100000,0x000000cd0b200000) (1024K)]
  0x00000240a4f61e10 WorkerThread "GC Thread#0"                     [id=23368, stack(0x000000cd0b000000,0x000000cd0b100000) (1024K)]
  0x00000240ff019fc0 WorkerThread "GC Thread#1"                     [id=22660, stack(0x000000cd0bd00000,0x000000cd0be00000) (1024K)]
  0x00000240ff01aee0 WorkerThread "GC Thread#2"                     [id=32816, stack(0x000000cd0be00000,0x000000cd0bf00000) (1024K)]
  0x00000240ff01b290 WorkerThread "GC Thread#3"                     [id=13804, stack(0x000000cd0bf00000,0x000000cd0c000000) (1024K)]
  0x00000240ff25f410 WorkerThread "GC Thread#4"                     [id=25524, stack(0x000000cd0c000000,0x000000cd0c100000) (1024K)]
  0x00000240ff25f7c0 WorkerThread "GC Thread#5"                     [id=3876, stack(0x000000cd0c100000,0x000000cd0c200000) (1024K)]
  0x00000240ff25fb70 WorkerThread "GC Thread#6"                     [id=31400, stack(0x000000cd0c200000,0x000000cd0c300000) (1024K)]
  0x00000240ff40dde0 WorkerThread "GC Thread#7"                     [id=28204, stack(0x000000cd0c500000,0x000000cd0c600000) (1024K)]
  0x0000024084a4f930 WorkerThread "GC Thread#8"                     [id=9964, stack(0x000000cd0d500000,0x000000cd0d600000) (1024K)]
  0x00000240840b2180 WorkerThread "GC Thread#9"                     [id=3436, stack(0x000000cd0d600000,0x000000cd0d700000) (1024K)]
Total: 12

Threads with active compile tasks:
C2 CompilerThread0  71041 4921       4       org.eclipse.osgi.internal.serviceregistry.ServiceRegistry::notifyHooksPrivileged (57 bytes)
C2 CompilerThread1  71041 4829       4       org.lombokweb.asm.ClassReader::readMethod (1070 bytes)
Total: 2

VM state: not at safepoint (normal execution)

VM Mutex/Monitor currently owned by a thread: None

Heap address: 0x0000000080000000, size: 2048 MB, Compressed Oops mode: 32-bit

CDS archive(s) mapped at: [0x00000240bc000000-0x00000240bcba0000-0x00000240bcba0000), size 12189696, SharedBaseAddress: 0x00000240bc000000, ArchiveRelocationMode: 1.
Compressed class space mapped at: 0x00000240bd000000-0x00000240fd000000, reserved size: 1073741824
Narrow klass base: 0x00000240bc000000, Narrow klass shift: 0, Narrow klass range: 0x100000000

GC Precious Log:
 CardTable entry size: 512
 CPUs: 12 total, 12 available
 Memory: 5996M
 Large Page Support: Disabled
 NUMA Support: Disabled
 Compressed Oops: Enabled (32-bit)
 Alignments: Space 512K, Generation 512K, Heap 2M
 Heap Min Capacity: 100M
 Heap Initial Capacity: 100M
 Heap Max Capacity: 2G
 Pre-touch: Disabled
 Parallel Workers: 10

Heap:
 PSYoungGen      total 25600K, used 24649K [0x00000000d5580000, 0x00000000d7180000, 0x0000000100000000)
  eden space 22528K, 97% used [0x00000000d5580000,0x00000000d6af0b48,0x00000000d6b80000)
  from space 3072K, 87% used [0x00000000d6d00000,0x00000000d6fa1bd0,0x00000000d7000000)
  to   space 1536K, 0% used [0x00000000d7000000,0x00000000d7000000,0x00000000d7180000)
 ParOldGen       total 68608K, used 13725K [0x0000000080000000, 0x0000000084300000, 0x00000000d5580000)
  object space 68608K, 20% used [0x0000000080000000,0x0000000080d67420,0x0000000084300000)
 Metaspace       used 28094K, committed 28992K, reserved 1114112K
  class space    used 2743K, committed 3136K, reserved 1048576K

Card table byte_map: [0x00000240a48f0000,0x00000240a4d00000] _byte_map_base: 0x00000240a44f0000

Marking Bits: (ParMarkBitMap*) 0x00007ffb2faa3450
 Begin Bits: [0x00000240b73f0000, 0x00000240b93f0000)
 End Bits:   [0x00000240b93f0000, 0x00000240bb3f0000)

Polling page: 0x00000240a2e20000

Metaspace:

Usage:
  Non-class:     24.76 MB used.
      Class:      2.68 MB used.
       Both:     27.44 MB used.

Virtual space:
  Non-class space:       64.00 MB reserved,      25.25 MB ( 39%) committed,  1 nodes.
      Class space:        1.00 GB reserved,       3.06 MB ( <1%) committed,  1 nodes.
             Both:        1.06 GB reserved,      28.31 MB (  3%) committed. 

Chunk freelists:
   Non-Class:  6.14 MB
       Class:  12.98 MB
        Both:  19.12 MB

MaxMetaspaceSize: unlimited
CompressedClassSpaceSize: 1.00 GB
Initial GC threshold: 21.00 MB
Current GC threshold: 35.00 MB
CDS: on
 - commit_granule_bytes: 65536.
 - commit_granule_words: 8192.
 - virtual_space_node_default_size: 8388608.
 - enlarge_chunks_in_place: 1.
 - use_allocation_guard: 0.


Internal statistics:

num_allocs_failed_limit: 3.
num_arena_births: 726.
num_arena_deaths: 14.
num_vsnodes_births: 2.
num_vsnodes_deaths: 0.
num_space_committed: 453.
num_space_uncommitted: 0.
num_chunks_returned_to_freelist: 17.
num_chunks_taken_from_freelist: 1847.
num_chunk_merges: 7.
num_chunk_splits: 1186.
num_chunks_enlarged: 738.
num_inconsistent_stats: 0.

CodeHeap 'non-profiled nmethods': size=120000Kb used=2555Kb max_used=2555Kb free=117444Kb
 bounds [0x00000240afc10000, 0x00000240afe90000, 0x00000240b7140000]
CodeHeap 'profiled nmethods': size=120000Kb used=10628Kb max_used=10628Kb free=109371Kb
 bounds [0x00000240a8140000, 0x00000240a8bb0000, 0x00000240af670000]
CodeHeap 'non-nmethods': size=5760Kb used=1335Kb max_used=1357Kb free=4424Kb
 bounds [0x00000240af670000, 0x00000240af8e0000, 0x00000240afc10000]
CodeCache: size=245760Kb, used=14518Kb, max_used=14540Kb, free=231239Kb
 total_blobs=5551, nmethods=4924, adapters=533, full_count=0
Compilation: enabled, stopped_count=0, restarted_count=0

Compilation events (20 events):
Event: 69.971 Thread 0x00000240a4ffe620 nmethod 4844 0x00000240afe86210 code [0x00000240afe863a0, 0x00000240afe86480]
Event: 69.971 Thread 0x00000240a4ffe620 4846       4       lombok.patcher.MethodTarget::matches (29 bytes)
Event: 69.972 Thread 0x00000240a4ffe620 nmethod 4846 0x00000240afe86590 code [0x00000240afe86740, 0x00000240afe86998]
Event: 69.992 Thread 0x00000240fde148d0 4847       3       java.lang.invoke.DelegatingMethodHandle$Holder::reinvoke_L (20 bytes)
Event: 69.992 Thread 0x00000240fde148d0 nmethod 4847 0x00000240a8b72890 code [0x00000240a8b72a60, 0x00000240a8b72ec0]
Event: 70.849 Thread 0x00000240fde148d0 4848       3       java.util.concurrent.ScheduledThreadPoolExecutor$ScheduledFutureTask::compareTo (9 bytes)
Event: 70.850 Thread 0x00000240fde148d0 nmethod 4848 0x00000240a8b73010 code [0x00000240a8b731c0, 0x00000240a8b73420]
Event: 70.850 Thread 0x00000240fde148d0 4849       3       java.util.concurrent.ScheduledThreadPoolExecutor$ScheduledFutureTask::compareTo (101 bytes)
Event: 70.850 Thread 0x00000240fde148d0 nmethod 4849 0x00000240a8b73510 code [0x00000240a8b73740, 0x00000240a8b73e58]
Event: 70.865 Thread 0x00000240fde148d0 4850       3       java.util.concurrent.ScheduledThreadPoolExecutor$DelayedWorkQueue::setIndex (16 bytes)
Event: 70.865 Thread 0x00000240fde148d0 nmethod 4850 0x00000240a8b74010 code [0x00000240a8b741c0, 0x00000240a8b744c8]
Event: 70.865 Thread 0x00000240fde148d0 4851       3       java.util.concurrent.ThreadPoolExecutor$Worker::unlock (7 bytes)
Event: 70.865 Thread 0x00000240fde148d0 nmethod 4851 0x00000240a8b74590 code [0x00000240a8b74760, 0x00000240a8b749b8]
Event: 70.865 Thread 0x00000240fde148d0 4852       3       java.util.concurrent.ThreadPoolExecutor$Worker::tryRelease (12 bytes)
Event: 70.865 Thread 0x00000240fde148d0 nmethod 4852 0x00000240a8b74b10 code [0x00000240a8b74ca0, 0x00000240a8b74e08]
Event: 70.896 Thread 0x00000240a4ffe620 4853       4       java.lang.StringBuilder::append (9 bytes)
Event: 70.974 Thread 0x00000240fde148d0 4854       3       java.lang.Class::privateGetDeclaredConstructors (79 bytes)
Event: 70.974 Thread 0x00000240fde148d0 nmethod 4854 0x00000240a8b74e90 code [0x00000240a8b75080, 0x00000240a8b754f8]
Event: 70.974 Thread 0x00000240fde148d0 4855       3       org.eclipse.core.internal.registry.ConfigurationElementHandle::<init> (7 bytes)
Event: 70.975 Thread 0x00000240fde148d0 nmethod 4855 0x00000240a8b75690 code [0x00000240a8b75840, 0x00000240a8b75a28]

GC Heap History (20 events):
Event: 30.307 GC heap before
{Heap before GC invocations=3 (full 0):
 PSYoungGen      total 29696K, used 29687K [0x00000000d5580000, 0x00000000d7680000, 0x0000000100000000)
  eden space 25600K, 100% used [0x00000000d5580000,0x00000000d6e80000,0x00000000d6e80000)
  from space 4096K, 99% used [0x00000000d7280000,0x00000000d767de88,0x00000000d7680000)
  to   space 4096K, 0% used [0x00000000d6e80000,0x00000000d6e80000,0x00000000d7280000)
 ParOldGen       total 68608K, used 56K [0x0000000080000000, 0x0000000084300000, 0x00000000d5580000)
  object space 68608K, 0% used [0x0000000080000000,0x000000008000e000,0x0000000084300000)
 Metaspace       used 8695K, committed 9088K, reserved 1114112K
  class space    used 901K, committed 1088K, reserved 1048576K
}
Event: 30.420 GC heap after
{Heap after GC invocations=3 (full 0):
 PSYoungGen      total 29696K, used 4093K [0x00000000d5580000, 0x00000000d7680000, 0x0000000100000000)
  eden space 25600K, 0% used [0x00000000d5580000,0x00000000d5580000,0x00000000d6e80000)
  from space 4096K, 99% used [0x00000000d6e80000,0x00000000d727f690,0x00000000d7280000)
  to   space 4096K, 0% used [0x00000000d7280000,0x00000000d7280000,0x00000000d7680000)
 ParOldGen       total 68608K, used 4285K [0x0000000080000000, 0x0000000084300000, 0x00000000d5580000)
  object space 68608K, 6% used [0x0000000080000000,0x000000008042f6f0,0x0000000084300000)
 Metaspace       used 8695K, committed 9088K, reserved 1114112K
  class space    used 901K, committed 1088K, reserved 1048576K
}
Event: 34.460 GC heap before
{Heap before GC invocations=4 (full 0):
 PSYoungGen      total 29696K, used 29693K [0x00000000d5580000, 0x00000000d7680000, 0x0000000100000000)
  eden space 25600K, 100% used [0x00000000d5580000,0x00000000d6e80000,0x00000000d6e80000)
  from space 4096K, 99% used [0x00000000d6e80000,0x00000000d727f690,0x00000000d7280000)
  to   space 4096K, 0% used [0x00000000d7280000,0x00000000d7280000,0x00000000d7680000)
 ParOldGen       total 68608K, used 4285K [0x0000000080000000, 0x0000000084300000, 0x00000000d5580000)
  object space 68608K, 6% used [0x0000000080000000,0x000000008042f6f0,0x0000000084300000)
 Metaspace       used 10155K, committed 10496K, reserved 1114112K
  class space    used 1048K, committed 1152K, reserved 1048576K
}
Event: 34.579 GC heap after
{Heap after GC invocations=4 (full 0):
 PSYoungGen      total 29696K, used 4090K [0x00000000d5580000, 0x00000000d7680000, 0x0000000100000000)
  eden space 25600K, 0% used [0x00000000d5580000,0x00000000d5580000,0x00000000d6e80000)
  from space 4096K, 99% used [0x00000000d7280000,0x00000000d767eae0,0x00000000d7680000)
  to   space 4096K, 0% used [0x00000000d6e80000,0x00000000d6e80000,0x00000000d7280000)
 ParOldGen       total 68608K, used 5430K [0x0000000080000000, 0x0000000084300000, 0x00000000d5580000)
  object space 68608K, 7% used [0x0000000080000000,0x000000008054d9e8,0x0000000084300000)
 Metaspace       used 10155K, committed 10496K, reserved 1114112K
  class space    used 1048K, committed 1152K, reserved 1048576K
}
Event: 63.526 GC heap before
{Heap before GC invocations=5 (full 0):
 PSYoungGen      total 29696K, used 29690K [0x00000000d5580000, 0x00000000d7680000, 0x0000000100000000)
  eden space 25600K, 100% used [0x00000000d5580000,0x00000000d6e80000,0x00000000d6e80000)
  from space 4096K, 99% used [0x00000000d7280000,0x00000000d767eae0,0x00000000d7680000)
  to   space 4096K, 0% used [0x00000000d6e80000,0x00000000d6e80000,0x00000000d7280000)
 ParOldGen       total 68608K, used 5430K [0x0000000080000000, 0x0000000084300000, 0x00000000d5580000)
  object space 68608K, 7% used [0x0000000080000000,0x000000008054d9e8,0x0000000084300000)
 Metaspace       used 10703K, committed 11072K, reserved 1114112K
  class space    used 1075K, committed 1280K, reserved 1048576K
}
Event: 63.696 GC heap after
{Heap after GC invocations=5 (full 0):
 PSYoungGen      total 29184K, used 4071K [0x00000000d5580000, 0x00000000d7900000, 0x0000000100000000)
  eden space 25088K, 0% used [0x00000000d5580000,0x00000000d5580000,0x00000000d6e00000)
  from space 4096K, 99% used [0x00000000d6e80000,0x00000000d7279c88,0x00000000d7280000)
  to   space 5632K, 0% used [0x00000000d7380000,0x00000000d7380000,0x00000000d7900000)
 ParOldGen       total 68608K, used 6808K [0x0000000080000000, 0x0000000084300000, 0x00000000d5580000)
  object space 68608K, 9% used [0x0000000080000000,0x00000000806a6180,0x0000000084300000)
 Metaspace       used 10703K, committed 11072K, reserved 1114112K
  class space    used 1075K, committed 1280K, reserved 1048576K
}
Event: 65.701 GC heap before
{Heap before GC invocations=6 (full 0):
 PSYoungGen      total 29184K, used 29159K [0x00000000d5580000, 0x00000000d7900000, 0x0000000100000000)
  eden space 25088K, 100% used [0x00000000d5580000,0x00000000d6e00000,0x00000000d6e00000)
  from space 4096K, 99% used [0x00000000d6e80000,0x00000000d7279c88,0x00000000d7280000)
  to   space 5632K, 0% used [0x00000000d7380000,0x00000000d7380000,0x00000000d7900000)
 ParOldGen       total 68608K, used 6808K [0x0000000080000000, 0x0000000084300000, 0x00000000d5580000)
  object space 68608K, 9% used [0x0000000080000000,0x00000000806a6180,0x0000000084300000)
 Metaspace       used 14024K, committed 14464K, reserved 1114112K
  class space    used 1418K, committed 1600K, reserved 1048576K
}
Event: 65.831 GC heap after
{Heap after GC invocations=6 (full 0):
 PSYoungGen      total 29696K, used 4940K [0x00000000d5580000, 0x00000000d7880000, 0x0000000100000000)
  eden space 24576K, 0% used [0x00000000d5580000,0x00000000d5580000,0x00000000d6d80000)
  from space 5120K, 96% used [0x00000000d7380000,0x00000000d7853210,0x00000000d7880000)
  to   space 5632K, 0% used [0x00000000d6d80000,0x00000000d6d80000,0x00000000d7300000)
 ParOldGen       total 68608K, used 6880K [0x0000000080000000, 0x0000000084300000, 0x00000000d5580000)
  object space 68608K, 10% used [0x0000000080000000,0x00000000806b8190,0x0000000084300000)
 Metaspace       used 14024K, committed 14464K, reserved 1114112K
  class space    used 1418K, committed 1600K, reserved 1048576K
}
Event: 66.794 GC heap before
{Heap before GC invocations=7 (full 0):
 PSYoungGen      total 29696K, used 29516K [0x00000000d5580000, 0x00000000d7880000, 0x0000000100000000)
  eden space 24576K, 100% used [0x00000000d5580000,0x00000000d6d80000,0x00000000d6d80000)
  from space 5120K, 96% used [0x00000000d7380000,0x00000000d7853210,0x00000000d7880000)
  to   space 5632K, 0% used [0x00000000d6d80000,0x00000000d6d80000,0x00000000d7300000)
 ParOldGen       total 68608K, used 6880K [0x0000000080000000, 0x0000000084300000, 0x00000000d5580000)
  object space 68608K, 10% used [0x0000000080000000,0x00000000806b8190,0x0000000084300000)
 Metaspace       used 17568K, committed 18240K, reserved 1114112K
  class space    used 1754K, committed 2048K, reserved 1048576K
}
Event: 66.802 GC heap after
{Heap after GC invocations=7 (full 0):
 PSYoungGen      total 29696K, used 5619K [0x00000000d5580000, 0x00000000d7b00000, 0x0000000100000000)
  eden space 24064K, 0% used [0x00000000d5580000,0x00000000d5580000,0x00000000d6d00000)
  from space 5632K, 99% used [0x00000000d6d80000,0x00000000d72fce20,0x00000000d7300000)
  to   space 7168K, 0% used [0x00000000d7400000,0x00000000d7400000,0x00000000d7b00000)
 ParOldGen       total 68608K, used 7932K [0x0000000080000000, 0x0000000084300000, 0x00000000d5580000)
  object space 68608K, 11% used [0x0000000080000000,0x00000000807bf160,0x0000000084300000)
 Metaspace       used 17568K, committed 18240K, reserved 1114112K
  class space    used 1754K, committed 2048K, reserved 1048576K
}
Event: 69.039 GC heap before
{Heap before GC invocations=8 (full 0):
 PSYoungGen      total 29696K, used 29683K [0x00000000d5580000, 0x00000000d7b00000, 0x0000000100000000)
  eden space 24064K, 100% used [0x00000000d5580000,0x00000000d6d00000,0x00000000d6d00000)
  from space 5632K, 99% used [0x00000000d6d80000,0x00000000d72fce20,0x00000000d7300000)
  to   space 7168K, 0% used [0x00000000d7400000,0x00000000d7400000,0x00000000d7b00000)
 ParOldGen       total 68608K, used 7932K [0x0000000080000000, 0x0000000084300000, 0x00000000d5580000)
  object space 68608K, 11% used [0x0000000080000000,0x00000000807bf160,0x0000000084300000)
 Metaspace       used 20202K, committed 20992K, reserved 1114112K
  class space    used 2061K, committed 2368K, reserved 1048576K
}
Event: 69.044 GC heap after
{Heap after GC invocations=8 (full 0):
 PSYoungGen      total 28672K, used 5062K [0x00000000d5580000, 0x00000000d7900000, 0x0000000100000000)
  eden space 23552K, 0% used [0x00000000d5580000,0x00000000d5580000,0x00000000d6c80000)
  from space 5120K, 98% used [0x00000000d7400000,0x00000000d78f1b08,0x00000000d7900000)
  to   space 6144K, 0% used [0x00000000d6d00000,0x00000000d6d00000,0x00000000d7300000)
 ParOldGen       total 68608K, used 8669K [0x0000000080000000, 0x0000000084300000, 0x00000000d5580000)
  object space 68608K, 12% used [0x0000000080000000,0x0000000080877630,0x0000000084300000)
 Metaspace       used 20202K, committed 20992K, reserved 1114112K
  class space    used 2061K, committed 2368K, reserved 1048576K
}
Event: 69.221 GC heap before
{Heap before GC invocations=9 (full 0):
 PSYoungGen      total 28672K, used 13397K [0x00000000d5580000, 0x00000000d7900000, 0x0000000100000000)
  eden space 23552K, 35% used [0x00000000d5580000,0x00000000d5da3ac8,0x00000000d6c80000)
  from space 5120K, 98% used [0x00000000d7400000,0x00000000d78f1b08,0x00000000d7900000)
  to   space 6144K, 0% used [0x00000000d6d00000,0x00000000d6d00000,0x00000000d7300000)
 ParOldGen       total 68608K, used 8669K [0x0000000080000000, 0x0000000084300000, 0x00000000d5580000)
  object space 68608K, 12% used [0x0000000080000000,0x0000000080877630,0x0000000084300000)
 Metaspace       used 20733K, committed 21504K, reserved 1114112K
  class space    used 2123K, committed 2432K, reserved 1048576K
}
Event: 69.225 GC heap after
{Heap after GC invocations=9 (full 0):
 PSYoungGen      total 27136K, used 3342K [0x00000000d5580000, 0x00000000d7480000, 0x0000000100000000)
  eden space 23552K, 0% used [0x00000000d5580000,0x00000000d5580000,0x00000000d6c80000)
  from space 3584K, 93% used [0x00000000d6d00000,0x00000000d7043868,0x00000000d7080000)
  to   space 4096K, 0% used [0x00000000d7080000,0x00000000d7080000,0x00000000d7480000)
 ParOldGen       total 68608K, used 10708K [0x0000000080000000, 0x0000000084300000, 0x00000000d5580000)
  object space 68608K, 15% used [0x0000000080000000,0x0000000080a75070,0x0000000084300000)
 Metaspace       used 20733K, committed 21504K, reserved 1114112K
  class space    used 2123K, committed 2432K, reserved 1048576K
}
Event: 69.225 GC heap before
{Heap before GC invocations=10 (full 1):
 PSYoungGen      total 27136K, used 3342K [0x00000000d5580000, 0x00000000d7480000, 0x0000000100000000)
  eden space 23552K, 0% used [0x00000000d5580000,0x00000000d5580000,0x00000000d6c80000)
  from space 3584K, 93% used [0x00000000d6d00000,0x00000000d7043868,0x00000000d7080000)
  to   space 4096K, 0% used [0x00000000d7080000,0x00000000d7080000,0x00000000d7480000)
 ParOldGen       total 68608K, used 10708K [0x0000000080000000, 0x0000000084300000, 0x00000000d5580000)
  object space 68608K, 15% used [0x0000000080000000,0x0000000080a75070,0x0000000084300000)
 Metaspace       used 20733K, committed 21504K, reserved 1114112K
  class space    used 2123K, committed 2432K, reserved 1048576K
}
Event: 69.397 GC heap after
{Heap after GC invocations=10 (full 1):
 PSYoungGen      total 27136K, used 0K [0x00000000d5580000, 0x00000000d7480000, 0x0000000100000000)
  eden space 23552K, 0% used [0x00000000d5580000,0x00000000d5580000,0x00000000d6c80000)
  from space 3584K, 0% used [0x00000000d6d00000,0x00000000d6d00000,0x00000000d7080000)
  to   space 4096K, 0% used [0x00000000d7080000,0x00000000d7080000,0x00000000d7480000)
 ParOldGen       total 68608K, used 13285K [0x0000000080000000, 0x0000000084300000, 0x00000000d5580000)
  object space 68608K, 19% used [0x0000000080000000,0x0000000080cf9420,0x0000000084300000)
 Metaspace       used 20720K, committed 21504K, reserved 1114112K
  class space    used 2119K, committed 2432K, reserved 1048576K
}
Event: 69.699 GC heap before
{Heap before GC invocations=11 (full 1):
 PSYoungGen      total 27136K, used 23552K [0x00000000d5580000, 0x00000000d7480000, 0x0000000100000000)
  eden space 23552K, 100% used [0x00000000d5580000,0x00000000d6c80000,0x00000000d6c80000)
  from space 3584K, 0% used [0x00000000d6d00000,0x00000000d6d00000,0x00000000d7080000)
  to   space 4096K, 0% used [0x00000000d7080000,0x00000000d7080000,0x00000000d7480000)
 ParOldGen       total 68608K, used 13285K [0x0000000080000000, 0x0000000084300000, 0x00000000d5580000)
  object space 68608K, 19% used [0x0000000080000000,0x0000000080cf9420,0x0000000084300000)
 Metaspace       used 22904K, committed 23680K, reserved 1114112K
  class space    used 2337K, committed 2688K, reserved 1048576K
}
Event: 69.701 GC heap after
{Heap after GC invocations=11 (full 1):
 PSYoungGen      total 25600K, used 2351K [0x00000000d5580000, 0x00000000d7300000, 0x0000000100000000)
  eden space 23040K, 0% used [0x00000000d5580000,0x00000000d5580000,0x00000000d6c00000)
  from space 2560K, 91% used [0x00000000d7080000,0x00000000d72cbe50,0x00000000d7300000)
  to   space 3072K, 0% used [0x00000000d6d00000,0x00000000d6d00000,0x00000000d7000000)
 ParOldGen       total 68608K, used 13293K [0x0000000080000000, 0x0000000084300000, 0x00000000d5580000)
  object space 68608K, 19% used [0x0000000080000000,0x0000000080cfb420,0x0000000084300000)
 Metaspace       used 22904K, committed 23680K, reserved 1114112K
  class space    used 2337K, committed 2688K, reserved 1048576K
}
Event: 69.920 GC heap before
{Heap before GC invocations=12 (full 1):
 PSYoungGen      total 25600K, used 25391K [0x00000000d5580000, 0x00000000d7300000, 0x0000000100000000)
  eden space 23040K, 100% used [0x00000000d5580000,0x00000000d6c00000,0x00000000d6c00000)
  from space 2560K, 91% used [0x00000000d7080000,0x00000000d72cbe50,0x00000000d7300000)
  to   space 3072K, 0% used [0x00000000d6d00000,0x00000000d6d00000,0x00000000d7000000)
 ParOldGen       total 68608K, used 13293K [0x0000000080000000, 0x0000000084300000, 0x00000000d5580000)
  object space 68608K, 19% used [0x0000000080000000,0x0000000080cfb420,0x0000000084300000)
 Metaspace       used 26284K, committed 27072K, reserved 1114112K
  class space    used 2591K, committed 2944K, reserved 1048576K
}
Event: 69.923 GC heap after
{Heap after GC invocations=12 (full 1):
 PSYoungGen      total 25600K, used 2694K [0x00000000d5580000, 0x00000000d7180000, 0x0000000100000000)
  eden space 22528K, 0% used [0x00000000d5580000,0x00000000d5580000,0x00000000d6b80000)
  from space 3072K, 87% used [0x00000000d6d00000,0x00000000d6fa1bd0,0x00000000d7000000)
  to   space 1536K, 0% used [0x00000000d7000000,0x00000000d7000000,0x00000000d7180000)
 ParOldGen       total 68608K, used 13725K [0x0000000080000000, 0x0000000084300000, 0x00000000d5580000)
  object space 68608K, 20% used [0x0000000080000000,0x0000000080d67420,0x0000000084300000)
 Metaspace       used 26284K, committed 27072K, reserved 1114112K
  class space    used 2591K, committed 2944K, reserved 1048576K
}

Dll operation events (10 events):
Event: 0.205 Loaded shared library c:\Users\suant\.vscode\extensions\redhat.java-1.53.0-win32-x64\jre\21.0.10-win32-x86_64\bin\java.dll
Event: 0.569 Loaded shared library c:\Users\suant\.vscode\extensions\redhat.java-1.53.0-win32-x64\jre\21.0.10-win32-x86_64\bin\zip.dll
Event: 0.622 Loaded shared library C:\Users\suant\.vscode\extensions\redhat.java-1.53.0-win32-x64\jre\21.0.10-win32-x86_64\bin\instrument.dll
Event: 0.640 Loaded shared library C:\Users\suant\.vscode\extensions\redhat.java-1.53.0-win32-x64\jre\21.0.10-win32-x86_64\bin\net.dll
Event: 0.646 Loaded shared library C:\Users\suant\.vscode\extensions\redhat.java-1.53.0-win32-x64\jre\21.0.10-win32-x86_64\bin\nio.dll
Event: 0.655 Loaded shared library C:\Users\suant\.vscode\extensions\redhat.java-1.53.0-win32-x64\jre\21.0.10-win32-x86_64\bin\zip.dll
Event: 0.769 Loaded shared library C:\Users\suant\.vscode\extensions\redhat.java-1.53.0-win32-x64\jre\21.0.10-win32-x86_64\bin\jimage.dll
Event: 0.983 Loaded shared library c:\Users\suant\.vscode\extensions\redhat.java-1.53.0-win32-x64\jre\21.0.10-win32-x86_64\bin\verify.dll
Event: 31.589 Loaded shared library C:\Users\suant\AppData\Roaming\Code\User\globalStorage\redhat.java\1.53.0\config_win\org.eclipse.equinox.launcher\org.eclipse.equinox.launcher.win32.win32.x86_64_1.3.0.v20260203-2149\eclipse_11919.dll
Event: 68.429 Loaded shared library C:\Users\suant\AppData\Local\Temp\jna-109787205\jna12750379363787990243.dll

Deoptimization events (20 events):
Event: 69.576 Thread 0x00000240fe06b640 DEOPT PACKING pc=0x00000240afdd9f84 sp=0x000000cd0cafee40
Event: 69.576 Thread 0x00000240fe06b640 DEOPT UNPACKING pc=0x00000240af6c3aa2 sp=0x000000cd0cafed88 mode 2
Event: 69.590 Thread 0x00000240fe06a920 Uncommon trap: trap_request=0xffffff45 fr.pc=0x00000240afdf2af0 relative=0x0000000000001010
Event: 69.590 Thread 0x00000240fe06a920 Uncommon trap: reason=unstable_if action=reinterpret pc=0x00000240afdf2af0 method=jdk.internal.org.objectweb.asm.Frame.execute(IILjdk/internal/org/objectweb/asm/Symbol;Ljdk/internal/org/objectweb/asm/SymbolTable;)V @ 1 c2
Event: 69.590 Thread 0x00000240fe06a920 DEOPT PACKING pc=0x00000240afdf2af0 sp=0x000000cd0c4f81e0
Event: 69.590 Thread 0x00000240fe06a920 DEOPT UNPACKING pc=0x00000240af6c3aa2 sp=0x000000cd0c4f8168 mode 2
Event: 69.654 Thread 0x00000240fe06bcd0 DEOPT PACKING pc=0x00000240a880761f sp=0x000000cd0cbfe840
Event: 69.654 Thread 0x00000240fe06bcd0 DEOPT UNPACKING pc=0x00000240af6c4242 sp=0x000000cd0cbfdd18 mode 0
Event: 69.674 Thread 0x00000240fe06a920 Uncommon trap: trap_request=0xffffff45 fr.pc=0x00000240afe6b310 relative=0x0000000000000890
Event: 69.674 Thread 0x00000240fe06a920 Uncommon trap: reason=unstable_if action=reinterpret pc=0x00000240afe6b310 method=org.lombokweb.asm.ClassReader.readUTF8(I[C)Ljava/lang/String; @ 11 c2
Event: 69.674 Thread 0x00000240fe06a920 DEOPT PACKING pc=0x00000240afe6b310 sp=0x000000cd0c4ef9d0
Event: 69.674 Thread 0x00000240fe06a920 DEOPT UNPACKING pc=0x00000240af6c3aa2 sp=0x000000cd0c4ef9d8 mode 2
Event: 69.882 Thread 0x00000240fe06a920 Uncommon trap: trap_request=0xffffff45 fr.pc=0x00000240afe7e56c relative=0x000000000000014c
Event: 69.882 Thread 0x00000240fe06a920 Uncommon trap: reason=unstable_if action=reinterpret pc=0x00000240afe7e56c method=org.lombokweb.asm.ByteVector.putByteArray([BII)Lorg/lombokweb/asm/ByteVector; @ 20 c2
Event: 69.882 Thread 0x00000240fe06a920 DEOPT PACKING pc=0x00000240afe7e56c sp=0x000000cd0c4f2b20
Event: 69.882 Thread 0x00000240fe06a920 DEOPT UNPACKING pc=0x00000240af6c3aa2 sp=0x000000cd0c4f2af0 mode 2
Event: 69.882 Thread 0x00000240fe06a920 Uncommon trap: trap_request=0xffffff45 fr.pc=0x00000240afe7d424 relative=0x0000000000000364
Event: 69.882 Thread 0x00000240fe06a920 Uncommon trap: reason=unstable_if action=reinterpret pc=0x00000240afe7d424 method=org.lombokweb.asm.Label.resolve([BLorg/lombokweb/asm/ByteVector;I)Z @ 81 c2
Event: 69.882 Thread 0x00000240fe06a920 DEOPT PACKING pc=0x00000240afe7d424 sp=0x000000cd0c4f2bb0
Event: 69.882 Thread 0x00000240fe06a920 DEOPT UNPACKING pc=0x00000240af6c3aa2 sp=0x000000cd0c4f2ab8 mode 2

Classes loaded (20 events):
Event: 69.635 Loading class java/util/zip/GZIPOutputStream
Event: 69.635 Loading class java/util/zip/GZIPOutputStream done
Event: 69.636 Loading class java/util/zip/GZIPInputStream
Event: 69.636 Loading class java/util/zip/GZIPInputStream done
Event: 69.639 Loading class java/net/SocketTimeoutException
Event: 69.639 Loading class java/io/InterruptedIOException
Event: 69.639 Loading class java/io/InterruptedIOException done
Event: 69.639 Loading class java/net/SocketTimeoutException done
Event: 69.639 Loading class java/net/SocketException
Event: 69.639 Loading class java/net/SocketException done
Event: 69.639 Loading class java/net/UnknownHostException
Event: 69.639 Loading class java/net/UnknownHostException done
Event: 69.639 Loading class java/net/ProtocolException
Event: 69.639 Loading class java/net/ProtocolException done
Event: 69.658 Loading class java/lang/ThreadLocal$SuppliedThreadLocal
Event: 69.661 Loading class java/lang/ThreadLocal$SuppliedThreadLocal done
Event: 69.712 Loading class java/io/FileWriter
Event: 69.712 Loading class java/io/FileWriter done
Event: 69.717 Loading class java/lang/NegativeArraySizeException
Event: 69.720 Loading class java/lang/NegativeArraySizeException done

Classes unloaded (7 events):
Event: 69.240 Thread 0x00000240bb9d4520 Unloading class 0x00000240bd1c0800 'java/lang/invoke/LambdaForm$MH+0x00000240bd1c0800'
Event: 69.240 Thread 0x00000240bb9d4520 Unloading class 0x00000240bd1c0400 'java/lang/invoke/LambdaForm$MH+0x00000240bd1c0400'
Event: 69.240 Thread 0x00000240bb9d4520 Unloading class 0x00000240bd1c0000 'java/lang/invoke/LambdaForm$MH+0x00000240bd1c0000'
Event: 69.240 Thread 0x00000240bb9d4520 Unloading class 0x00000240bd1bfc00 'java/lang/invoke/LambdaForm$MH+0x00000240bd1bfc00'
Event: 69.240 Thread 0x00000240bb9d4520 Unloading class 0x00000240bd1bf800 'java/lang/invoke/LambdaForm$BMH+0x00000240bd1bf800'
Event: 69.240 Thread 0x00000240bb9d4520 Unloading class 0x00000240bd1bf400 'java/lang/invoke/LambdaForm$DMH+0x00000240bd1bf400'
Event: 69.240 Thread 0x00000240bb9d4520 Unloading class 0x00000240bd1be000 'java/lang/invoke/LambdaForm$DMH+0x00000240bd1be000'

Classes redefined (0 events):
No events

Internal exceptions (20 events):
Event: 68.520 Thread 0x00000240fe06a920 Exception <a 'java/lang/NoSuchMethodError'{0x00000000d5a8d210}: 'java.lang.Object java.lang.invoke.DirectMethodHandle$Holder.invokeSpecial(java.lang.Object, java.lang.Object, java.lang.Object, java.lang.Object, long)'> (0x00000000d5a8d210) 
thrown [s\src\hotspot\share\interpreter\linkResolver.cpp, line 773]
Event: 68.520 Thread 0x00000240fe06a920 Exception <a 'java/lang/NoSuchMethodError'{0x00000000d5a90e30}: 'java.lang.Object java.lang.invoke.Invokers$Holder.linkToTargetMethod(java.lang.Object, java.lang.Object, long, java.lang.Object)'> (0x00000000d5a90e30) 
thrown [s\src\hotspot\share\interpreter\linkResolver.cpp, line 773]
Event: 68.535 Thread 0x00000240fe06a920 Exception <a 'java/lang/NoSuchMethodError'{0x00000000d5b02a78}: 'int java.lang.invoke.DirectMethodHandle$Holder.invokeStaticInit(java.lang.Object, java.lang.Object, java.lang.Object)'> (0x00000000d5b02a78) 
thrown [s\src\hotspot\share\interpreter\linkResolver.cpp, line 773]
Event: 68.549 Thread 0x00000240fe06a920 Exception <a 'java/lang/IncompatibleClassChangeError'{0x00000000d5baf508}: Found class java.lang.Object, but interface was expected> (0x00000000d5baf508) 
thrown [s\src\hotspot\share\interpreter\linkResolver.cpp, line 840]
Event: 68.553 Thread 0x00000240fe06a920 Exception <a 'java/lang/NoSuchMethodError'{0x00000000d5bc3598}: 'java.lang.Object java.lang.invoke.DirectMethodHandle$Holder.invokeSpecial(java.lang.Object, java.lang.Object, java.lang.Object, int, java.lang.Object, java.lang.Object)'> (0x00000000d5bc3598) 
thrown [s\src\hotspot\share\interpreter\linkResolver.cpp, line 773]
Event: 68.554 Thread 0x00000240fe06a920 Exception <a 'java/lang/NoSuchMethodError'{0x00000000d5bcb028}: 'java.lang.Object java.lang.invoke.DirectMethodHandle$Holder.newInvokeSpecial(java.lang.Object, java.lang.Object, java.lang.Object, int, java.lang.Object)'> (0x00000000d5bcb028) 
thrown [s\src\hotspot\share\interpreter\linkResolver.cpp, line 773]
Event: 68.554 Thread 0x00000240fe06a920 Exception <a 'java/lang/NoSuchMethodError'{0x00000000d5bcefa8}: 'java.lang.Object java.lang.invoke.DirectMethodHandle$Holder.invokeSpecial(java.lang.Object, java.lang.Object, java.lang.Object, java.lang.Object, int, java.lang.Object)'> (0x00000000d5bcefa8) 
thrown [s\src\hotspot\share\interpreter\linkResolver.cpp, line 773]
Event: 68.554 Thread 0x00000240fe06a920 Exception <a 'java/lang/NoSuchMethodError'{0x00000000d5bd2ae8}: 'java.lang.Object java.lang.invoke.Invokers$Holder.linkToTargetMethod(java.lang.Object, java.lang.Object, int, java.lang.Object, java.lang.Object)'> (0x00000000d5bd2ae8) 
thrown [s\src\hotspot\share\interpreter\linkResolver.cpp, line 773]
Event: 68.555 Thread 0x00000240fe06b640 Exception <a 'java/lang/NoSuchMethodError'{0x00000000d5ae1ef0}: 'java.lang.Object java.lang.invoke.DirectMethodHandle$Holder.invokeSpecial(java.lang.Object, java.lang.Object, int, java.lang.Object, java.lang.Object)'> (0x00000000d5ae1ef0) 
thrown [s\src\hotspot\share\interpreter\linkResolver.cpp, line 773]
Event: 68.569 Thread 0x00000240fe06a920 Exception <a 'java/lang/NoSuchMethodError'{0x00000000d5ccf098}: 'void java.lang.invoke.DirectMethodHandle$Holder.invokeSpecial(java.lang.Object, java.lang.Object, java.lang.Object, java.lang.Object, java.lang.Object)'> (0x00000000d5ccf098) 
thrown [s\src\hotspot\share\interpreter\linkResolver.cpp, line 773]
Event: 68.725 Thread 0x00000240fe06a920 Exception <a 'java/lang/NoSuchMethodError'{0x00000000d6398360}: 'java.lang.Object java.lang.invoke.DirectMethodHandle$Holder.invokeInterface(java.lang.Object, java.lang.Object, java.lang.Object)'> (0x00000000d6398360) 
thrown [s\src\hotspot\share\interpreter\linkResolver.cpp, line 773]
Event: 68.821 Thread 0x00000240fe06a920 Exception <a 'java/lang/NoSuchMethodError'{0x00000000d6824bf0}: 'java.lang.Object java.lang.invoke.Invokers$Holder.linkToTargetMethod(java.lang.Object, long, java.lang.Object, java.lang.Object)'> (0x00000000d6824bf0) 
thrown [s\src\hotspot\share\interpreter\linkResolver.cpp, line 773]
Event: 69.099 Thread 0x00000240fe06a920 Exception <a 'java/io/FileNotFoundException'{0x00000000d5888ce8}> (0x00000000d5888ce8) 
thrown [s\src\hotspot\share\prims\jni.cpp, line 520]
Event: 69.100 Thread 0x00000240fe06a920 Exception <a 'java/lang/NoSuchMethodError'{0x00000000d58914b0}: 'java.lang.Object java.lang.invoke.DirectMethodHandle$Holder.newInvokeSpecial(java.lang.Object, int, java.lang.Object, java.lang.Object)'> (0x00000000d58914b0) 
thrown [s\src\hotspot\share\interpreter\linkResolver.cpp, line 773]
Event: 69.484 Thread 0x00000240fe06a920 Exception <a 'java/lang/NoSuchMethodError'{0x00000000d589a3f8}: 'long java.lang.invoke.DirectMethodHandle$Holder.invokeSpecial(java.lang.Object, java.lang.Object)'> (0x00000000d589a3f8) 
thrown [s\src\hotspot\share\interpreter\linkResolver.cpp, line 773]
Event: 69.484 Thread 0x00000240fe06a920 Exception <a 'java/lang/NoSuchMethodError'{0x00000000d589e850}: 'long java.lang.invoke.Invokers$Holder.invokeExact_MT(java.lang.Object, java.lang.Object)'> (0x00000000d589e850) 
thrown [s\src\hotspot\share\interpreter\linkResolver.cpp, line 773]
Event: 69.590 Thread 0x00000240fe06a920 Exception <a 'java/lang/NoSuchMethodError'{0x00000000d5cd4b00}: 'double java.lang.invoke.DirectMethodHandle$Holder.invokeStatic(java.lang.Object, java.lang.Object)'> (0x00000000d5cd4b00) 
thrown [s\src\hotspot\share\interpreter\linkResolver.cpp, line 773]
Event: 69.590 Thread 0x00000240fe06a920 Exception <a 'java/lang/NoSuchMethodError'{0x00000000d5cd81c0}: 'double java.lang.invoke.DirectMethodHandle$Holder.invokeStaticInit(java.lang.Object, java.lang.Object)'> (0x00000000d5cd81c0) 
thrown [s\src\hotspot\share\interpreter\linkResolver.cpp, line 773]
Event: 69.664 Thread 0x00000240844797d0 Exception <a 'java/lang/NoSuchMethodError'{0x00000000d5b82e08}: 'java.lang.Object java.lang.invoke.DirectMethodHandle$Holder.newInvokeSpecial(java.lang.Object, java.lang.Object, java.lang.Object, java.lang.Object, java.lang.Object)'> (0x00000000d5b82e08) 
thrown [s\src\hotspot\share\interpreter\linkResolver.cpp, line 773]
Event: 69.882 Thread 0x00000240fe06a920 Implicit null exception at 0x00000240afe7e475 to 0x00000240afe7e550

ZGC Phase Switch (0 events):
No events

VM Operations (20 events):
Event: 68.681 Executing non-safepoint VM operation: HandshakeAllThreads (Deoptimize)
Event: 68.682 Executing non-safepoint VM operation: HandshakeAllThreads (Deoptimize) done
Event: 68.691 Executing non-safepoint VM operation: HandshakeAllThreads (Deoptimize)
Event: 68.691 Executing non-safepoint VM operation: HandshakeAllThreads (Deoptimize) done
Event: 68.789 Executing safepoint VM operation: ICBufferFull
Event: 68.789 Executing safepoint VM operation: ICBufferFull done
Event: 69.039 Executing safepoint VM operation: ParallelGCFailedAllocation (Allocation Failure)
Event: 69.044 Executing safepoint VM operation: ParallelGCFailedAllocation (Allocation Failure) done
Event: 69.221 Executing safepoint VM operation: CollectForMetadataAllocation (Metadata GC Threshold)
Event: 69.397 Executing safepoint VM operation: CollectForMetadataAllocation (Metadata GC Threshold) done
Event: 69.608 Executing non-safepoint VM operation: HandshakeAllThreads (Deoptimize)
Event: 69.608 Executing non-safepoint VM operation: HandshakeAllThreads (Deoptimize) done
Event: 69.667 Executing non-safepoint VM operation: HandshakeAllThreads (Deoptimize)
Event: 69.667 Executing non-safepoint VM operation: HandshakeAllThreads (Deoptimize) done
Event: 69.699 Executing safepoint VM operation: ParallelGCFailedAllocation (Allocation Failure)
Event: 69.701 Executing safepoint VM operation: ParallelGCFailedAllocation (Allocation Failure) done
Event: 69.920 Executing safepoint VM operation: ParallelGCFailedAllocation (Allocation Failure)
Event: 69.923 Executing safepoint VM operation: ParallelGCFailedAllocation (Allocation Failure) done
Event: 70.926 Executing safepoint VM operation: Cleanup
Event: 70.974 Executing safepoint VM operation: Cleanup done

Memory protections (0 events):
No events

Nmethod flushes (0 events):
No events

Events (20 events):
Event: 41.893 Thread 0x00000240fedc8d10 Thread exited: 0x00000240fedc8d10
Event: 41.893 Thread 0x00000240fedca750 Thread exited: 0x00000240fedca750
Event: 41.893 Thread 0x00000240fe06a290 Thread exited: 0x00000240fe06a290
Event: 41.893 Thread 0x00000240fe06b640 Thread exited: 0x00000240fe06b640
Event: 41.894 Thread 0x00000240fedcade0 Thread exited: 0x00000240fedcade0
Event: 41.894 Thread 0x00000240fe06bcd0 Thread exited: 0x00000240fe06bcd0
Event: 41.894 Thread 0x00000240fe06afb0 Thread exited: 0x00000240fe06afb0
Event: 41.895 Thread 0x00000240fedcb470 Thread exited: 0x00000240fedcb470
Event: 65.008 Thread 0x00000240fe06a920 Thread added: 0x00000240fe069c00
Event: 65.541 Thread 0x00000240fde148d0 Thread added: 0x00000240840f3670
Event: 66.037 Thread 0x00000240fe06a920 Thread added: 0x00000240fe06a290
Event: 66.637 Thread 0x00000240840f3670 Thread exited: 0x00000240840f3670
Event: 68.463 Thread 0x00000240fe06a920 Thread added: 0x00000240fe06afb0
Event: 68.529 Thread 0x00000240fe06a920 Thread added: 0x00000240fe06b640
Event: 68.555 Thread 0x00000240fe06a920 Thread added: 0x00000240fe06bcd0
Event: 68.760 Thread 0x00000240fe06bcd0 Thread added: 0x00000240844797d0
Event: 68.772 Thread 0x00000240a4ffe620 Thread added: 0x0000024084b491d0
Event: 68.958 Thread 0x0000024084b491d0 Thread exited: 0x0000024084b491d0
Event: 69.060 Thread 0x00000240fde148d0 Thread added: 0x00000240848065d0
Event: 70.973 Thread 0x00000240fe06b640 Thread added: 0x000002408447a4f0


Dynamic libraries:
0x00007ff7eae40000 - 0x00007ff7eae4e000 	c:\Users\suant\.vscode\extensions\redhat.java-1.53.0-win32-x64\jre\21.0.10-win32-x86_64\bin\java.exe
0x00007ffc3d700000 - 0x00007ffc3d968000 	C:\WINDOWS\SYSTEM32\ntdll.dll
0x00007ffc3c2e0000 - 0x00007ffc3c3a9000 	C:\WINDOWS\System32\KERNEL32.DLL
0x00007ffc3a850000 - 0x00007ffc3ac41000 	C:\WINDOWS\System32\KERNELBASE.dll
0x00007ffc3b350000 - 0x00007ffc3b49b000 	C:\WINDOWS\System32\ucrtbase.dll
0x00007ffba4c90000 - 0x00007ffba4ca8000 	c:\Users\suant\.vscode\extensions\redhat.java-1.53.0-win32-x64\jre\21.0.10-win32-x86_64\bin\jli.dll
0x00007ffc3c860000 - 0x00007ffc3ca26000 	C:\WINDOWS\System32\USER32.dll
0x00007ffc3ac50000 - 0x00007ffc3ac77000 	C:\WINDOWS\System32\win32u.dll
0x00007ffc3c830000 - 0x00007ffc3c85b000 	C:\WINDOWS\System32\GDI32.dll
0x00007ffc3b220000 - 0x00007ffc3b34b000 	C:\WINDOWS\System32\gdi32full.dll
0x00007ffba5e80000 - 0x00007ffba5e9e000 	c:\Users\suant\.vscode\extensions\redhat.java-1.53.0-win32-x64\jre\21.0.10-win32-x86_64\bin\VCRUNTIME140.dll
0x00007ffc25f50000 - 0x00007ffc261e3000 	C:\WINDOWS\WinSxS\amd64_microsoft.windows.common-controls_6595b64144ccf1df_6.0.26100.7824_none_3e0870b2e3345462\COMCTL32.dll
0x00007ffc3b000000 - 0x00007ffc3b0a3000 	C:\WINDOWS\System32\msvcp_win.dll
0x00007ffc3b610000 - 0x00007ffc3b6b9000 	C:\WINDOWS\System32\msvcrt.dll
0x00007ffc3d0c0000 - 0x00007ffc3d0f1000 	C:\WINDOWS\System32\IMM32.DLL
0x00007ffbd9600000 - 0x00007ffbd960c000 	c:\Users\suant\.vscode\extensions\redhat.java-1.53.0-win32-x64\jre\21.0.10-win32-x86_64\bin\vcruntime140_1.dll
0x00007ffb8a500000 - 0x00007ffb8a58d000 	c:\Users\suant\.vscode\extensions\redhat.java-1.53.0-win32-x64\jre\21.0.10-win32-x86_64\bin\msvcp140.dll
0x00007ffb2ede0000 - 0x00007ffb2fb81000 	c:\Users\suant\.vscode\extensions\redhat.java-1.53.0-win32-x64\jre\21.0.10-win32-x86_64\bin\server\jvm.dll
0x00007ffc3bf20000 - 0x00007ffc3bfd4000 	C:\WINDOWS\System32\ADVAPI32.dll
0x00007ffc3d610000 - 0x00007ffc3d6b6000 	C:\WINDOWS\System32\sechost.dll
0x00007ffc3b4a0000 - 0x00007ffc3b5b8000 	C:\WINDOWS\System32\RPCRT4.dll
0x00007ffc3c050000 - 0x00007ffc3c0c4000 	C:\WINDOWS\System32\WS2_32.dll
0x00007ffc38bc0000 - 0x00007ffc38c1e000 	C:\WINDOWS\SYSTEM32\POWRPROF.dll
0x00007ffc326f0000 - 0x00007ffc326fb000 	C:\WINDOWS\SYSTEM32\VERSION.dll
0x00007ffc30980000 - 0x00007ffc309b5000 	C:\WINDOWS\SYSTEM32\WINMM.dll
0x00007ffc38ba0000 - 0x00007ffc38bb4000 	C:\WINDOWS\SYSTEM32\UMPDC.dll
0x00007ffc38e80000 - 0x00007ffc38e9b000 	C:\WINDOWS\SYSTEM32\kernel.appcore.dll
0x00007ffbd82a0000 - 0x00007ffbd82aa000 	c:\Users\suant\.vscode\extensions\redhat.java-1.53.0-win32-x64\jre\21.0.10-win32-x86_64\bin\jimage.dll
0x00007ffc318f0000 - 0x00007ffc31b32000 	C:\WINDOWS\SYSTEM32\DBGHELP.DLL
0x00007ffc3cb30000 - 0x00007ffc3ceb6000 	C:\WINDOWS\System32\combase.dll
0x00007ffc3c3b0000 - 0x00007ffc3c487000 	C:\WINDOWS\System32\OLEAUT32.dll
0x00007ffc1c0a0000 - 0x00007ffc1c0db000 	C:\WINDOWS\SYSTEM32\dbgcore.DLL
0x00007ffc3ae00000 - 0x00007ffc3aea5000 	C:\WINDOWS\System32\bcryptPrimitives.dll
0x00007ffbd7280000 - 0x00007ffbd728f000 	c:\Users\suant\.vscode\extensions\redhat.java-1.53.0-win32-x64\jre\21.0.10-win32-x86_64\bin\instrument.dll
0x00007ffb9a6e0000 - 0x00007ffb9a700000 	c:\Users\suant\.vscode\extensions\redhat.java-1.53.0-win32-x64\jre\21.0.10-win32-x86_64\bin\java.dll
0x00007ffc3b760000 - 0x00007ffc3beb2000 	C:\WINDOWS\System32\SHELL32.dll
0x00007ffc3b0b0000 - 0x00007ffc3b21a000 	C:\WINDOWS\System32\wintypes.dll
0x00007ffc39fe0000 - 0x00007ffc3a843000 	C:\WINDOWS\System32\windows.storage.dll
0x00007ffc3c1e0000 - 0x00007ffc3c2d6000 	C:\WINDOWS\System32\SHCORE.dll
0x00007ffc3bfe0000 - 0x00007ffc3c047000 	C:\WINDOWS\System32\shlwapi.dll
0x00007ffc39f00000 - 0x00007ffc39f29000 	C:\WINDOWS\SYSTEM32\profapi.dll
0x00007ffb9a120000 - 0x00007ffb9a138000 	c:\Users\suant\.vscode\extensions\redhat.java-1.53.0-win32-x64\jre\21.0.10-win32-x86_64\bin\zip.dll
0x00007ffbd5db0000 - 0x00007ffbd5dc0000 	C:\Users\suant\.vscode\extensions\redhat.java-1.53.0-win32-x64\jre\21.0.10-win32-x86_64\bin\net.dll
0x00007ffc32af0000 - 0x00007ffc32c17000 	C:\WINDOWS\SYSTEM32\WINHTTP.dll
0x00007ffc39410000 - 0x00007ffc3947b000 	C:\WINDOWS\system32\mswsock.dll
0x00007ffb92380000 - 0x00007ffb92396000 	C:\Users\suant\.vscode\extensions\redhat.java-1.53.0-win32-x64\jre\21.0.10-win32-x86_64\bin\nio.dll
0x00007ffbd5c50000 - 0x00007ffbd5c60000 	c:\Users\suant\.vscode\extensions\redhat.java-1.53.0-win32-x64\jre\21.0.10-win32-x86_64\bin\verify.dll
0x00007ffc12080000 - 0x00007ffc120c5000 	C:\Users\suant\AppData\Roaming\Code\User\globalStorage\redhat.java\1.53.0\config_win\org.eclipse.equinox.launcher\org.eclipse.equinox.launcher.win32.win32.x86_64_1.3.0.v20260203-2149\eclipse_11919.dll
0x00007ffc3c680000 - 0x00007ffc3c817000 	C:\WINDOWS\System32\ole32.dll
0x00007ffc396f0000 - 0x00007ffc3970b000 	C:\WINDOWS\SYSTEM32\CRYPTSP.dll
0x00007ffc38de0000 - 0x00007ffc38e19000 	C:\WINDOWS\system32\rsaenh.dll
0x00007ffc394c0000 - 0x00007ffc394eb000 	C:\WINDOWS\SYSTEM32\USERENV.dll
0x00007ffc39ed0000 - 0x00007ffc39efa000 	C:\WINDOWS\SYSTEM32\bcrypt.dll
0x00007ffc396e0000 - 0x00007ffc396ec000 	C:\WINDOWS\SYSTEM32\CRYPTBASE.dll
0x00007ffc387e0000 - 0x00007ffc38814000 	C:\WINDOWS\SYSTEM32\IPHLPAPI.DLL
0x00007ffc3c820000 - 0x00007ffc3c82a000 	C:\WINDOWS\System32\NSI.dll
0x00007ffc19210000 - 0x00007ffc19259000 	C:\Users\suant\AppData\Local\Temp\jna-109787205\jna12750379363787990243.dll
0x00007ffc3b6c0000 - 0x00007ffc3b6c8000 	C:\WINDOWS\System32\PSAPI.DLL

JVMTI agents:
c:\Users\suant\.vscode\extensions\redhat.java-1.53.0-win32-x64\lombok\lombok-1.18.39-4050.jar path:c:\Users\suant\.vscode\extensions\redhat.java-1.53.0-win32-x64\jre\21.0.10-win32-x86_64\bin\instrument.dll, loaded, initialized, instrumentlib options:none

dbghelp: loaded successfully - version: 4.0.5 - missing functions: none
symbol engine: initialized successfully - sym options: 0x614 - pdb path: .;c:\Users\suant\.vscode\extensions\redhat.java-1.53.0-win32-x64\jre\21.0.10-win32-x86_64\bin;C:\WINDOWS\SYSTEM32;C:\WINDOWS\WinSxS\amd64_microsoft.windows.common-controls_6595b64144ccf1df_6.0.26100.7824_none_3e0870b2e3345462;c:\Users\suant\.vscode\extensions\redhat.java-1.53.0-win32-x64\jre\21.0.10-win32-x86_64\bin\server;C:\Users\suant\AppData\Roaming\Code\User\globalStorage\redhat.java\1.53.0\config_win\org.eclipse.equinox.launcher\org.eclipse.equinox.launcher.win32.win32.x86_64_1.3.0.v20260203-2149;C:\Users\suant\AppData\Local\Temp\jna-109787205

VM Arguments:
jvm_args: --add-modules=ALL-SYSTEM --add-opens=java.base/java.util=ALL-UNNAMED --add-opens=java.base/java.lang=ALL-UNNAMED --add-opens=java.base/sun.nio.fs=ALL-UNNAMED -Declipse.application=org.eclipse.jdt.ls.core.id1 -Dosgi.bundles.defaultStartLevel=4 -Declipse.product=org.eclipse.jdt.ls.core.product -Djava.import.generatesMetadataFilesAtProjectRoot=false -DDetectVMInstallationsJob.disabled=true -Dfile.encoding=utf8 -XX:+UseParallelGC -XX:GCTimeRatio=4 -XX:AdaptiveSizePolicyWeight=90 -Dsun.zip.disableMemoryMapping=true -Xmx2G -Xms100m -Xlog:disable -javaagent:c:\Users\suant\.vscode\extensions\redhat.java-1.53.0-win32-x64\lombok\lombok-1.18.39-4050.jar -XX:+HeapDumpOnOutOfMemoryError -XX:HeapDumpPath=c:\Users\suant\AppData\Roaming\Code\User\workspaceStorage\504bf879ca6961ec538ff21517e75e65\redhat.java -Daether.dependencyCollector.impl=bf 
java_command: c:\Users\suant\.vscode\extensions\redhat.java-1.53.0-win32-x64\server\plugins\org.eclipse.equinox.launcher_1.7.100.v20251111-0406.jar -configuration c:\Users\suant\AppData\Roaming\Code\User\globalStorage\redhat.java\1.53.0\config_win -data c:\Users\suant\AppData\Roaming\Code\User\workspaceStorage\504bf879ca6961ec538ff21517e75e65\redhat.java\jdt_ws --pipe=\\.\pipe\lsp-e18e13bc0b276fb76ce8ecb38d7be7dd-sock
java_class_path (initial): c:\Users\suant\.vscode\extensions\redhat.java-1.53.0-win32-x64\server\plugins\org.eclipse.equinox.launcher_1.7.100.v20251111-0406.jar
Launcher Type: SUN_STANDARD

[Global flags]
    uintx AdaptiveSizePolicyWeight                 = 90                                        {product} {command line}
     intx CICompilerCount                          = 4                                         {product} {ergonomic}
    uintx GCTimeRatio                              = 4                                         {product} {command line}
     bool HeapDumpOnOutOfMemoryError               = true                                   {manageable} {command line}
    ccstr HeapDumpPath                             = c:\Users\suant\AppData\Roaming\Code\User\workspaceStorage\504bf879ca6961ec538ff21517e75e65\redhat.java         {manageable} {command line}
   size_t InitialHeapSize                          = 104857600                                 {product} {command line}
   size_t MaxHeapSize                              = 2147483648                                {product} {command line}
   size_t MaxNewSize                               = 715653120                                 {product} {ergonomic}
   size_t MinHeapDeltaBytes                        = 524288                                    {product} {ergonomic}
   size_t MinHeapSize                              = 104857600                                 {product} {command line}
   size_t NewSize                                  = 34603008                                  {product} {ergonomic}
    uintx NonNMethodCodeHeapSize                   = 5839372                                {pd product} {ergonomic}
    uintx NonProfiledCodeHeapSize                  = 122909434                              {pd product} {ergonomic}
   size_t OldSize                                  = 70254592                                  {product} {ergonomic}
    uintx ProfiledCodeHeapSize                     = 122909434                              {pd product} {ergonomic}
    uintx ReservedCodeCacheSize                    = 251658240                              {pd product} {ergonomic}
     bool SegmentedCodeCache                       = true                                      {product} {ergonomic}
   size_t SoftMaxHeapSize                          = 2147483648                             {manageable} {ergonomic}
     bool UseCompressedOops                        = true                           {product lp64_product} {ergonomic}
     bool UseLargePagesIndividualAllocation        = false                                  {pd product} {ergonomic}
     bool UseParallelGC                            = true                                      {product} {command line}

Logging:
Log output configuration:
 #0: stdout all=off uptime,level,tags foldmultilines=false
 #1: stderr all=off uptime,level,tags foldmultilines=false

Release file:
JAVA_VERSION="21.0.10" 
MODULES="java.base java.compiler java.datatransfer java.xml java.prefs java.desktop java.instrument java.logging java.management java.security.sasl java.naming java.rmi java.management.rmi java.net.http java.scripting java.security.jgss java.transaction.xa java.sql java.sql.rowset java.xml.crypto java.se java.smartcardio jdk.accessibility jdk.internal.jvmstat jdk.attach jdk.charsets jdk.internal.opt jdk.zipfs jdk.compiler jdk.crypto.ec jdk.crypto.cryptoki jdk.crypto.mscapi jdk.dynalink jdk.internal.ed jdk.editpad jdk.hotspot.agent jdk.httpserver jdk.internal.le jdk.internal.vm.ci jdk.internal.vm.compiler jdk.internal.vm.compiler.management jdk.jartool jdk.javadoc jdk.jcmd jdk.management jdk.management.agent jdk.jconsole jdk.jdeps jdk.jdwp.agent jdk.jdi jdk.jfr jdk.jshell jdk.jsobject jdk.jstatd jdk.localedata jdk.management.jfr jdk.naming.dns jdk.naming.rmi jdk.net jdk.nio.mapmode jdk.random jdk.sctp jdk.security.auth jdk.security.jgss jdk.unsupported jdk.unsupported.desktop jdk.xml.dom" 

Environment Variables:
JAVA_HOME=C:\Program Files\Eclipse Adoptium\jdk-11.0.29.7-hotspot\
PATH=C:\Program Files\Eclipse Adoptium\jdk-11.0.29.7-hotspot\bin;C:\WINDOWS\system32;C:\WINDOWS;C:\WINDOWS\System32\Wbem;C:\WINDOWS\System32\WindowsPowerShell\v1.0\;C:\WINDOWS\System32\OpenSSH\;C:\JupyterLab;C:\Program Files (x86)\Microsoft SQL Server\160\Tools\Binn\;C:\Program Files\Microsoft SQL Server\160\Tools\Binn\;C:\Program Files\Microsoft SQL Server\Client SDK\ODBC\170\Tools\Binn\;C:\Program Files\Microsoft SQL Server\160\DTS\Binn\;C:\Program Files (x86)\Microsoft SQL Server\160\DTS\Binn\;C:\Program Files\Git\cmd;C:\Users\suant\AppData\Roaming\local\bin;C:\Users\suant\AppData\Local\Microsoft\WindowsApps;C:\Users\suant\AppData\Local\Programs\cursor\resources\app\bin;C:\Users\suant\AppData\Local\Programs\MiKTeX\miktex\bin\x64\;C:\Users\suant\AppData\Local\Programs\Microsoft VS Code\bin;C:\Users\suant\AppData\Local\GitHubDesktop\bin
USERNAME=suant
OS=Windows_NT
PROCESSOR_IDENTIFIER=AMD64 Family 25 Model 80 Stepping 0, AuthenticAMD
TMP=C:\Users\suant\AppData\Local\Temp
TEMP=C:\Users\suant\AppData\Local\Temp




Periodic native trim disabled

---------------  S Y S T E M  ---------------

OS:
 Windows 11 , 64 bit Build 26100 (10.0.26100.7705)
OS uptime: 4 days 1:44 hours
Hyper-V role detected

CPU: total 12 (initial active 12) (12 cores per cpu, 2 threads per core) family 25 model 80 stepping 0 microcode 0xa50000f, cx8, cmov, fxsr, ht, mmx, 3dnowpref, sse, sse2, sse3, ssse3, sse4a, sse4.1, sse4.2, popcnt, lzcnt, tsc, tscinvbit, avx, avx2, aes, erms, clmul, bmi1, bmi2, adx, sha, fma, vzeroupper, clflush, clflushopt, hv, rdtscp, rdpid, fsrm, f16c, cet_ss
Processor Information for the first 12 processors :
  Max Mhz: 3301, Current Mhz: 3301, Mhz Limit: 3301

Memory: 4k page, system-wide physical 5996M (551M free)
TotalPageFile size 24428M (AvailPageFile size 2M)
current process WorkingSet (physical memory assigned to process): 149M, peak: 149M
current process commit charge ("private bytes"): 298M, peak: 298M

vm_info: OpenJDK 64-Bit Server VM (21.0.10+7-LTS) for windows-amd64 JRE (21.0.10+7-LTS), built on 2026-01-20T00:00:00Z by "admin" with MS VC++ 17.12 (VS2022)

END.
